============================= test session starts =============================
platform win32 -- Python 3.14.2, pytest-9.0.2, pluggy-1.6.0 -- C:\Users\masud\AppData\Local\Python\pythoncore-3.14-64\python.exe
cachedir: .pytest_cache
rootdir: D:\codebay\FileOrganizer
collecting ... collected 41 items

test_file_organizer.py::TestGetCategory::test_image_extensions[photo.jpg-Images] PASSED [  2%]
test_file_organizer.py::TestGetCategory::test_image_extensions[photo.JPEG-Images] PASSED [  4%]
test_file_organizer.py::TestGetCategory::test_image_extensions[icon.png-Images] PASSED [  7%]
test_file_organizer.py::TestGetCategory::test_image_extensions[anim.gif-Images] PASSED [  9%]
test_file_organizer.py::TestGetCategory::test_image_extensions[logo.svg-Images] PASSED [ 12%]
test_file_organizer.py::TestGetCategory::test_document_extensions[report.pdf-Documents] PASSED [ 14%]
test_file_organizer.py::TestGetCategory::test_document_extensions[essay.docx-Documents] PASSED [ 17%]
test_file_organizer.py::TestGetCategory::test_document_extensions[notes.txt-Documents] PASSED [ 19%]
test_file_organizer.py::TestGetCategory::test_document_extensions[data.xlsx-Documents] PASSED [ 21%]
test_file_organizer.py::TestGetCategory::test_document_extensions[slides.pptx-Documents] PASSED [ 24%]
test_file_organizer.py::TestGetCategory::test_media_extensions[movie.mp4-Media] PASSED [ 26%]
test_file_organizer.py::TestGetCategory::test_media_extensions[song.mp3-Media] PASSED [ 29%]
test_file_organizer.py::TestGetCategory::test_media_extensions[sound.wav-Media] PASSED [ 31%]
test_file_organizer.py::TestGetCategory::test_media_extensions[clip.mkv-Media] PASSED [ 34%]
test_file_organizer.py::TestGetCategory::test_archive_extensions[backup.zip-Archives] PASSED [ 36%]
test_file_organizer.py::TestGetCategory::test_archive_extensions[data.rar-Archives] PASSED [ 39%]
test_file_organizer.py::TestGetCategory::test_archive_extensions[project.tar.gz-Archives] PASSED [ 41%]
test_file_organizer.py::TestGetCategory::test_code_extensions[script.py-Code] PASSED [ 43%]
test_file_organizer.py::TestGetCategory::test_code_extensions[page.html-Code] PASSED [ 46%]
test_file_organizer.py::TestGetCategory::test_code_extensions[style.css-Code] PASSED [ 48%]
test_file_organizer.py::TestGetCategory::test_code_extensions[app.js-Code] PASSED [ 51%]
test_file_organizer.py::TestGetCategory::test_unknown_extension_returns_others PASSED [ 53%]
test_file_organizer.py::TestGetCategory::test_no_extension_returns_others PASSED [ 56%]
test_file_organizer.py::TestResolveCollision::test_no_collision PASSED   [ 58%]
test_file_organizer.py::TestResolveCollision::test_single_collision PASSED [ 60%]
test_file_organizer.py::TestResolveCollision::test_multiple_collisions PASSED [ 63%]
test_file_organizer.py::TestScanFiles::test_returns_only_files PASSED    [ 65%]
test_file_organizer.py::TestScanFiles::test_empty_directory PASSED       [ 68%]
test_file_organizer.py::TestDeepScanFiles::test_finds_deeply_nested_files PASSED [ 70%]
test_file_organizer.py::TestDeepScanFiles::test_excludes_root_level_files PASSED [ 73%]
test_file_organizer.py::TestDeepScanFiles::test_empty_subdirectories PASSED [ 75%]
test_file_organizer.py::TestMoveFiles::test_files_sorted_into_correct_folders PASSED [ 78%]
test_file_organizer.py::TestMoveFiles::test_unknown_extension_goes_to_others PASSED [ 80%]
test_file_organizer.py::TestMoveFiles::test_collision_during_move PASSED [ 82%]
test_file_organizer.py::TestCleanupEmptyFolders::test_removes_empty_folder PASSED [ 85%]
test_file_organizer.py::TestCleanupEmptyFolders::test_preserves_non_empty_folder PASSED [ 87%]
test_file_organizer.py::TestCleanupEmptyFolders::test_mixed_folders PASSED [ 90%]
test_file_organizer.py::TestCleanupEmptyFolders::test_removes_nested_empty_dirs_bottom_up PASSED [ 92%]
test_file_organizer.py::TestFullWorkflow::test_end_to_end PASSED         [ 95%]
test_file_organizer.py::TestDeepScanWorkflow::test_deep_scan_end_to_end PASSED [ 97%]
test_file_organizer.py::TestDeepScanWorkflow::test_deep_scan_collision_handling PASSED [100%]

============================= 41 passed in 0.17s ==============================
